make all --print-data-base --no-builtin-variables --no-builtin-rules --question
make: *** No rule to make target 'prog15.c', needed by 'prog15'.  Stop.
 
# GNU Make 4.3
# Built for x86_64-pc-linux-gnu
# Copyright (C) 1988-2020 Free Software Foundation, Inc.
# License GPLv3+: GNU GPL version 3 or later <http://gnu.org/licenses/gpl.html>
# This is free software: you are free to change and redistribute it.
# There is NO WARRANTY, to the extent permitted by law.

# Make data base, printed on Tue Jan 11 14:57:01 2022

# Variables

# environment
GDK_BACKEND = x11
# environment
LC_ALL = C
# environment
NO_AT_BRIDGE = 1
# environment
VSCODE_IPC_HOOK_EXTHOST = /run/user/10347/vscode-ipc-b4be1613-13d1-48a9-8e3a-d4fd7c340ee2.sock
# environment
VSCODE_CWD = /home/samba/mrozowskik/Documents/OperatingSystems/WUT-MINI-OperatingSystems
# environment
WINDOWID = 6291462
# environment
CLOUDSDK_ROOT_DIR = /opt/google-cloud-sdk
# environment
GDM_LANG = en_US.utf8
# default
MAKE_COMMAND := make
# environment
FT2_SUBPIXEL_HINTING = 1
# automatic
@D = $(patsubst %/,%,$(dir $@))
# environment
VSCODE_BROWSER_CODE_LOADING = bypassHeatCheck
# environment
VSCODE_HANDLES_UNCAUGHT_ERRORS = true
# default
.VARIABLES := 
# environment
PWD = /home/samba/mrozowskik/Documents/OperatingSystems/WUT-MINI-OperatingSystems
# automatic
%D = $(patsubst %/,%,$(dir $%))
# environment
MAIL = /var/spool/mail/mrozowskik
# environment
OLDPWD = /home/samba/mrozowskik/Documents/OperatingSystems
# automatic
^D = $(patsubst %/,%,$(dir $^))
# environment
VSCODE_LOG_STACK = false
# automatic
%F = $(notdir $%)
# environment
VSCODE_CODE_CACHE_PATH = /home/samba/mrozowskik/.config/Code/CachedData/3866c3553be8b268c8a7f8c0482c0c0177aa8bfa
# environment
XDG_SESSION_PATH = /org/freedesktop/DisplayManager/Session0
# environment
LANG = C
# environment
XAUTHORITY = /home/samba/mrozowskik/.Xauthority
# default
.LOADED := 
# default
.INCLUDE_DIRS = /usr/include /usr/local/include /usr/include
# makefile
MAKEFLAGS = pqrR
# makefile
CURDIR := /home/samba/mrozowskik/Documents/OperatingSystems/WUT-MINI-OperatingSystems
# environment
VSCODE_PIPE_LOGGING = true
# environment
APPLICATION_INSIGHTS_NO_DIAGNOSTIC_CHANNEL = true
# automatic
*D = $(patsubst %/,%,$(dir $*))
# environment
MFLAGS = -pqrR
# environment
SSH_AUTH_SOCK = /run/user/10347/keyring/ssh
# default
.SHELLFLAGS := -c
# environment
CLOUDSDK_PYTHON = python
# automatic
+D = $(patsubst %/,%,$(dir $+))
# environment
XDG_SESSION_DESKTOP = mate
# environment
VSCODE_CRASH_REPORTER_START_OPTIONS = {"companyName":"Microsoft","productName":"VSCode","submitURL":"appcenter://code?aid=fba07a4d-84bd-4fc8-a125-9640fc8ce171&uid=ecbfc4e0-f6e0-48de-a664-ad3acd71b57d&iid=ecbfc4e0-f6e0-48de-a664-ad3acd71b57d&sid=ecbfc4e0-f6e0-48de-a664-ad3acd71b57d","uploadToServer":true}
# makefile (from 'Makefile', line 1)
MAKEFILE_LIST := Makefile
# automatic
@F = $(notdir $@)
# environment
VSCODE_VERBOSE_LOGGING = true
# environment
VSCODE_PID = 2989
# environment
XDG_SESSION_TYPE = x11
# automatic
?D = $(patsubst %/,%,$(dir $?))
# environment
SESSION_MANAGER = local/p21817.mini.pw.edu.pl:@/tmp/.ICE-unix/884,unix/p21817.mini.pw.edu.pl:/tmp/.ICE-unix/884
# automatic
*F = $(notdir $*)
# environment
CHROME_DESKTOP = code-url-handler.desktop
# environment
DBUS_SESSION_BUS_ADDRESS = unix:path=/run/user/10347/bus
# automatic
<D = $(patsubst %/,%,$(dir $<))
# environment
QT_SCALE_FACTOR = 1
# environment
VSCODE_NLS_CONFIG = {"locale":"en-us","availableLanguages":{},"_languagePackSupport":true}
# environment
BREAKPAD_DUMP_LOCATION = /home/samba/mrozowskik/.config/Code/exthost Crash Reports
# default
MAKE_HOST := x86_64-pc-linux-gnu
# makefile
SHELL = /bin/sh
# default
MAKECMDGOALS := all
# environment
DOTNET_BUNDLE_EXTRACT_BASE_DIR = /home/samba/mrozowskik/.cache/dotnet_bundle_extract
# environment
SHLVL = 2
# environment
GOOGLE_CLOUD_SDK_HOME = /opt/google-cloud-sdk
# environment
MAKELEVEL := 0
# default
MAKE = $(MAKE_COMMAND)
# environment
PATH = /opt/google-cloud-sdk/bin:/usr/local/bin:/usr/bin:/bin:/usr/local/sbin:/opt/cuda/bin:/home/samba/mrozowskik/.dotnet/tools:/usr/lib/jvm/default/bin:/usr/bin/site_perl:/usr/bin/vendor_perl:/usr/bin/core_perl
# default
MAKEFILES := 
# environment
MOTD_SHOWN = pam
# automatic
^F = $(notdir $^)
# environment
MATE_DESKTOP_SESSION_ID = this-is-deprecated
# environment
VSCODE_LOG_NATIVE = false
# automatic
?F = $(notdir $?)
# environment
XDG_SEAT = seat0
# environment
XDG_CURRENT_DESKTOP = MATE
# environment
MKLROOT = /opt/intel/mkl
# automatic
+F = $(notdir $+)
# environment
XDG_SEAT_PATH = /org/freedesktop/DisplayManager/Seat0
# environment
DESKTOP_SESSION = mate
# environment
ORIGINAL_XDG_CURRENT_DESKTOP = MATE
# 'override' directive
GNUMAKEFLAGS := 
# environment
LOGNAME = mrozowskik
# environment
XDG_VTNR = 7
# makefile
.DEFAULT_GOAL := all
# environment
DISPLAY = :0.0
# environment
GTK_MODULES = canberra-gtk-module
# environment
USER = mrozowskik
# default
MAKE_VERSION := 4.3
# environment
QT_FONT_DPI = 92
# environment
_ = /usr/bin/make
# environment
MOZ_PLUGIN_PATH = /usr/lib/mozilla/plugins
# environment
XDG_RUNTIME_DIR = /run/user/10347
# environment
COLORTERM = truecolor
# environment
GTK_OVERLAY_SCROLLING = 0
# environment
XDG_SESSION_CLASS = user
# environment
VSCODE_AMD_ENTRYPOINT = vs/workbench/services/extensions/node/extensionHostProcess
# environment
HOME = /home/samba/mrozowskik
# environment
CLOUDSDK_PYTHON_ARGS = -S
# environment
ELECTRON_RUN_AS_NODE = 1
# environment
VSCODE_IPC_HOOK = /run/user/10347/vscode-18ddc501-1.59.1-main.sock
# environment
TERM = xterm-256color
# environment
HG = /usr/bin/hg
# environment
MATHEMATICA_HOME = /opt/Mathematica/9.0
# environment
XDG_SESSION_ID = 2
# default
.RECIPEPREFIX := 
# automatic
<F = $(notdir $<)
# default
SUFFIXES := 
# environment
VSCODE_CLI = 1
# environment
ELECTRON_NO_ATTACH_CONSOLE = 1
# environment
VTE_VERSION = 6402
# environment
LS_OPTIONS = --color=auto
# environment
XDG_GREETER_DATA_DIR = /var/lib/lightdm-data/mrozowskik
# default
.FEATURES := target-specific order-only second-expansion else-if shortest-stem undefine oneshell nocomment grouped-target extra-prereqs archives jobserver output-sync check-symlink guile load
# environment
DOTNET_ROOT = /usr/share/dotnet
# environment
GDMSESSION = mate
# variable set hash-table stats:
# Load=110/1024=11%, Rehash=0, Collisions=10/140=7%

# Pattern-specific Variable Values

# No pattern-specific variable values.

# Directories

# . (device 41, inode 355080079): 10 files, no impossibilities.

# 10 files, no impossibilities in 1 directories.

# Implicit Rules

# No implicit rules.

# Files

# Not a target:
Makefile:
#  Implicit rule search has been done.
#  Last modified 2021-11-23 14:50:06.330941716
#  File has been updated.
#  Successfully updated.

# Not a target:
prog15.c:
#  Implicit rule search has been done.
#  File does not exist.
#  File has not been updated.

clean:
#  Phony target (prerequisite of .PHONY).
#  Implicit rule search has not been done.
#  File does not exist.
#  File has not been updated.
#  recipe to execute (from 'Makefile', line 6):
	rm prog15

prog15: prog15.c
#  Implicit rule search has not been done.
#  File does not exist.
#  File has not been updated.
#  recipe to execute (from 'Makefile', line 3):
	gcc -g -Wall -fsanitize=address,undefined -o prog15 prog15.c

# Not a target:
.DEFAULT:
#  Implicit rule search has not been done.
#  Modification time never checked.
#  File has not been updated.

all: prog15
#  Command line target.
#  Implicit rule search has been done.
#  File does not exist.
#  File has not been updated.

.PHONY: clean
#  Implicit rule search has not been done.
#  Modification time never checked.
#  File has not been updated.

# files hash-table stats:
# Load=8/1024=1%, Rehash=0, Collisions=0/24=0%
# VPATH Search Paths

# No 'vpath' search paths.

# No general ('VPATH' variable) search path.

# strcache buffers: 1 (0) / strings = 19 / storage = 152 B / avg = 8 B
# current buf: size = 8162 B / used = 152 B / count = 19 / avg = 8 B

# strcache performance: lookups = 30 / hit rate = 36%
# hash-table stats:
 
# Load=19/8192=0%, Rehash=0, Collisions=0/30=0%
# Finished Make data base on Tue Jan 11 14:57:01 2022

 
